{"level":"info","ts":1690227545.0745013,"caller":"handler/user.go:50","msg":"this is a password: test this is a login: test"}
{"level":"info","ts":1690227545.1268094,"caller":"service/user.go:27","msg":"после хэширования {test $2a$10$oxg0vxeR5JLDIHGVdFs/femg20wvqT4y40vUlFqUEq2.sPRoTSV0S}"}
{"level":"info","ts":1690227545.1268094,"caller":"handler/user.go:67","msg":"в хэндлере {test $2a$10$oxg0vxeR5JLDIHGVdFs/femg20wvqT4y40vUlFqUEq2.sPRoTSV0S}"}
{"level":"info","ts":1690227545.1268094,"caller":"handler/user.go:74","msg":"jwt eyJhbGciOiJIUzI1NiIsInR5cCI6IkpXVCJ9.eyJzdHIiOiJ0ZXN0ICQyYSQxMCRveGcwdnhlUjVKTERJSEdWZEZzL2ZlbWcyMHd2cVQ0eTQwdlVsRnFVRXEyLnNQUm9UU1YwUyJ9.NM80oor8cXJz0AoaLOpIFGiOOJSFa7IaxEFVR1sXdvo"}
{"level":"info","ts":1690227545.1518097,"caller":"service/user.go:49","msg":"invalid number"}
{"level":"info","ts":1690227644.5098503,"caller":"handler/user.go:50","msg":"this is a password: test this is a login: test"}
{"level":"info","ts":1690227644.5604515,"caller":"service/user.go:27","msg":"после хэширования {test $2a$10$pj2s6YazVnfxwpUOYtYGr.d4sfsued5SlcBsi9R5/GJWYj5RdzZKC}"}
{"level":"info","ts":1690227644.5604515,"caller":"handler/user.go:67","msg":"в хэндлере {test $2a$10$pj2s6YazVnfxwpUOYtYGr.d4sfsued5SlcBsi9R5/GJWYj5RdzZKC}"}
{"level":"info","ts":1690227644.5614407,"caller":"handler/user.go:74","msg":"jwt eyJhbGciOiJIUzI1NiIsInR5cCI6IkpXVCJ9.eyJzdHIiOiJ0ZXN0ICQyYSQxMCRwajJzNllhelZuZnh3cFVPWXRZR3IuZDRzZnN1ZWQ1U2xjQnNpOVI1L0dKV1lqNVJkelpLQyJ9.KjtBipT0t34Ll8nSg-pOqU-y2LTX_20ARaaci37M5SI"}
{"level":"info","ts":1690227644.588277,"caller":"service/user.go:66","msg":"invalid number"}
{"level":"info","ts":1690227716.3731892,"caller":"handler/user.go:50","msg":"this is a password: test this is a login: test"}
{"level":"info","ts":1690227716.4229615,"caller":"service/user.go:27","msg":"после хэширования {test $2a$10$m6.vwOhI1JUCr1yFG7VIVukhwCN67aP9RSPKgug9xPjwrES0HQcKO}"}
{"level":"info","ts":1690227716.423965,"caller":"handler/user.go:67","msg":"в хэндлере {test $2a$10$m6.vwOhI1JUCr1yFG7VIVukhwCN67aP9RSPKgug9xPjwrES0HQcKO}"}
{"level":"info","ts":1690227716.423965,"caller":"handler/user.go:74","msg":"jwt eyJhbGciOiJIUzI1NiIsInR5cCI6IkpXVCJ9.eyJzdHIiOiJ0ZXN0ICQyYSQxMCRtNi52d09oSTFKVUNyMXlGRzdWSVZ1a2h3Q042N2FQOVJTUEtndWc5eFBqd3JFUzBIUWNLTyJ9.c8Hj2D3PqJIPNHR0dhqEvmBEnUXt7IU5gO9nnXTH1D0"}
{"level":"info","ts":1690227716.4448411,"caller":"service/user.go:49","msg":"invalid number"}
{"level":"info","ts":1690227728.04085,"caller":"handler/user.go:50","msg":"this is a password: test this is a login: test"}
{"level":"info","ts":1690227728.0905757,"caller":"service/user.go:27","msg":"после хэширования {test $2a$10$4Pfy1zbpx923qGFkee7ZJeYoYFpZ2nfDfzxbsa.eXCpJ6ZLq5zOOa}"}
{"level":"info","ts":1690227728.0915754,"caller":"handler/user.go:67","msg":"в хэндлере {test $2a$10$4Pfy1zbpx923qGFkee7ZJeYoYFpZ2nfDfzxbsa.eXCpJ6ZLq5zOOa}"}
{"level":"info","ts":1690227728.0915754,"caller":"handler/user.go:74","msg":"jwt eyJhbGciOiJIUzI1NiIsInR5cCI6IkpXVCJ9.eyJzdHIiOiJ0ZXN0ICQyYSQxMCQ0UGZ5MXpicHg5MjNxR0ZrZWU3WkplWW9ZRnBaMm5mRGZ6eGJzYS5lWENwSjZaTHE1ek9PYSJ9.URywAi7Jnb3_frASPWmyfi7jn7yfboCj7k9Cdb8fun8"}
{"level":"info","ts":1690227728.116773,"caller":"service/user.go:66","msg":"invalid number"}
{"level":"info","ts":1690227789.1937816,"caller":"handler/user.go:50","msg":"this is a password: test this is a login: test"}
{"level":"info","ts":1690227789.2440188,"caller":"service/user.go:27","msg":"после хэширования {test $2a$10$9lsI6rEXW8fqBkwcKgLfQeqPeIfoCG/ZXCHFGjnmjeMipoKyLSTxm}"}
{"level":"info","ts":1690227789.2440188,"caller":"handler/user.go:67","msg":"в хэндлере {test $2a$10$9lsI6rEXW8fqBkwcKgLfQeqPeIfoCG/ZXCHFGjnmjeMipoKyLSTxm}"}
{"level":"info","ts":1690227789.2440188,"caller":"handler/user.go:74","msg":"jwt eyJhbGciOiJIUzI1NiIsInR5cCI6IkpXVCJ9.eyJzdHIiOiJ0ZXN0ICQyYSQxMCQ5bHNJNnJFWFc4ZnFCa3djS2dMZlFlcVBlSWZvQ0cvWlhDSEZHam5tamVNaXBvS3lMU1R4bSJ9.U1TaQ3Mk6drZCPvsrJua81k7fYWelV_tgSf4dnaTTPk"}
{"level":"info","ts":1690227789.2696848,"caller":"service/user.go:66","msg":"invalid number"}
{"level":"info","ts":1690227829.6458063,"caller":"handler/user.go:50","msg":"this is a password: test this is a login: test"}
{"level":"info","ts":1690227829.696841,"caller":"service/user.go:27","msg":"после хэширования {test $2a$10$6sXTG.ZZL.KfQXapZ8mDdO2dIVzVA9w2zJeo3b8k0g3TsIU03fDbC}"}
{"level":"info","ts":1690227829.696841,"caller":"handler/user.go:67","msg":"в хэндлере {test $2a$10$6sXTG.ZZL.KfQXapZ8mDdO2dIVzVA9w2zJeo3b8k0g3TsIU03fDbC}"}
{"level":"info","ts":1690227829.696841,"caller":"handler/user.go:74","msg":"jwt eyJhbGciOiJIUzI1NiIsInR5cCI6IkpXVCJ9.eyJzdHIiOiJ0ZXN0ICQyYSQxMCQ2c1hURy5aWkwuS2ZRWGFwWjhtRGRPMmRJVnpWQTl3MnpKZW8zYjhrMGczVHNJVTAzZkRiQyJ9.702G4IgGLQq07aHe7BNvBuLziAkzSwFYZZwvj7655tw"}
{"level":"info","ts":1690227848.8819237,"caller":"handler/user.go:50","msg":"this is a password: test this is a login: test"}
{"level":"info","ts":1690227848.9333663,"caller":"service/user.go:27","msg":"после хэширования {test $2a$10$fKdUwpmmSCrHo0nVk3PJY.oHLwI5q7tWiKD.0rXfrv86Lnfnesh9y}"}
{"level":"info","ts":1690227848.9333663,"caller":"handler/user.go:67","msg":"в хэндлере {test $2a$10$fKdUwpmmSCrHo0nVk3PJY.oHLwI5q7tWiKD.0rXfrv86Lnfnesh9y}"}
{"level":"info","ts":1690227848.9333663,"caller":"handler/user.go:74","msg":"jwt eyJhbGciOiJIUzI1NiIsInR5cCI6IkpXVCJ9.eyJzdHIiOiJ0ZXN0ICQyYSQxMCRmS2RVd3BtbVNDckhvMG5WazNQSlkub0hMd0k1cTd0V2lLRC4wclhmcnY4NkxuZm5lc2g5eSJ9.Luc9XQctMzI8BvqxZz0WKrLqsKGc0W__UoEJOJY6qKw"}
{"level":"info","ts":1690227848.9554813,"caller":"service/user.go:49","msg":"invalid number"}
{"level":"info","ts":1690227858.270549,"caller":"handler/user.go:50","msg":"this is a password: test this is a login: test"}
{"level":"info","ts":1690227858.3223765,"caller":"service/user.go:27","msg":"после хэширования {test $2a$10$woAjnBP87SgbDTXW7UZOX.lw1896O9WUDef9oiUKSEmUdKxBfO1iK}"}
{"level":"info","ts":1690227858.3223765,"caller":"handler/user.go:67","msg":"в хэндлере {test $2a$10$woAjnBP87SgbDTXW7UZOX.lw1896O9WUDef9oiUKSEmUdKxBfO1iK}"}
{"level":"info","ts":1690227858.3223765,"caller":"handler/user.go:74","msg":"jwt eyJhbGciOiJIUzI1NiIsInR5cCI6IkpXVCJ9.eyJzdHIiOiJ0ZXN0ICQyYSQxMCR3b0FqbkJQODdTZ2JEVFhXN1VaT1gubHcxODk2TzlXVURlZjlvaVVLU0VtVWRLeEJmTzFpSyJ9.cr97jE4R1hWR_C3NUT-LHRM4xZizXemUUg8KegZEqpI"}
